2023-03-09 14:38:59,140 INFO  [restartedMain] com.lib.LibraryAppApplication:Starting LibraryAppApplication using Java 18.0.2 on DESKTOP-Q0MDKP6 with PID 14780 (D:\JavaProjects\LibraryAppDev1\target\classes started by Nitro in D:\JavaProjects\LibraryAppDev1)
2023-03-09 14:38:59,146 INFO  [restartedMain] com.lib.LibraryAppApplication:No active profile set, falling back to 1 default profile: "default"
2023-03-09 14:38:59,204 INFO  [restartedMain] org.springframework.boot.devtools.env.DevToolsPropertyDefaultsPostProcessor:Devtools property defaults active! Set 'spring.devtools.add-properties' to 'false' to disable
2023-03-09 14:38:59,204 INFO  [restartedMain] org.springframework.boot.devtools.env.DevToolsPropertyDefaultsPostProcessor:For additional web related logging consider setting the 'logging.level.web' property to 'DEBUG'
2023-03-09 14:39:00,116 INFO  [restartedMain] org.springframework.data.repository.config.RepositoryConfigurationDelegate:Bootstrapping Spring Data JPA repositories in DEFAULT mode.
2023-03-09 14:39:00,176 INFO  [restartedMain] org.springframework.data.repository.config.RepositoryConfigurationDelegate:Finished Spring Data repository scanning in 50 ms. Found 2 JPA repository interfaces.
2023-03-09 14:39:00,782 INFO  [restartedMain] org.springframework.boot.web.embedded.tomcat.TomcatWebServer:Tomcat initialized with port(s): 8080 (http)
2023-03-09 14:39:00,792 INFO  [restartedMain] org.apache.catalina.core.StandardService:Starting service [Tomcat]
2023-03-09 14:39:00,792 INFO  [restartedMain] org.apache.catalina.core.StandardEngine:Starting Servlet engine: [Apache Tomcat/9.0.71]
2023-03-09 14:39:00,880 INFO  [restartedMain] org.apache.catalina.core.ContainerBase.[Tomcat].[localhost].[/]:Initializing Spring embedded WebApplicationContext
2023-03-09 14:39:00,880 INFO  [restartedMain] org.springframework.boot.web.servlet.context.ServletWebServerApplicationContext:Root WebApplicationContext: initialization completed in 1675 ms
2023-03-09 14:39:01,138 INFO  [restartedMain] org.hibernate.jpa.internal.util.LogHelper:HHH000204: Processing PersistenceUnitInfo [name: default]
2023-03-09 14:39:01,197 INFO  [restartedMain] org.hibernate.Version:HHH000412: Hibernate ORM core version 5.6.14.Final
2023-03-09 14:39:01,385 INFO  [restartedMain] org.hibernate.annotations.common.Version:HCANN000001: Hibernate Commons Annotations {5.1.2.Final}
2023-03-09 14:39:01,488 INFO  [restartedMain] com.zaxxer.hikari.HikariDataSource:HikariPool-1 - Starting...
2023-03-09 14:39:01,675 INFO  [restartedMain] com.zaxxer.hikari.HikariDataSource:HikariPool-1 - Start completed.
2023-03-09 14:39:01,696 INFO  [restartedMain] org.hibernate.dialect.Dialect:HHH000400: Using dialect: org.hibernate.dialect.PostgreSQLDialect
2023-03-09 14:39:02,713 INFO  [restartedMain] org.hibernate.engine.transaction.jta.platform.internal.JtaPlatformInitiator:HHH000490: Using JtaPlatform implementation: [org.hibernate.engine.transaction.jta.platform.internal.NoJtaPlatform]
2023-03-09 14:39:02,721 INFO  [restartedMain] org.springframework.orm.jpa.LocalContainerEntityManagerFactoryBean:Initialized JPA EntityManagerFactory for persistence unit 'default'
2023-03-09 14:39:03,026 WARN  [restartedMain] org.springframework.boot.autoconfigure.orm.jpa.JpaBaseConfiguration$JpaWebConfiguration:spring.jpa.open-in-view is enabled by default. Therefore, database queries may be performed during view rendering. Explicitly configure spring.jpa.open-in-view to disable this warning
2023-03-09 14:39:03,494 INFO  [restartedMain] org.springframework.boot.devtools.autoconfigure.OptionalLiveReloadServer:LiveReload server is running on port 35729
2023-03-09 14:39:03,502 INFO  [restartedMain] org.springframework.boot.actuate.endpoint.web.EndpointLinksResolver:Exposing 15 endpoint(s) beneath base path '/actuator'
2023-03-09 14:39:03,552 INFO  [restartedMain] org.springframework.boot.web.embedded.tomcat.TomcatWebServer:Tomcat started on port(s): 8080 (http) with context path ''
2023-03-09 14:39:03,572 INFO  [restartedMain] com.lib.LibraryAppApplication:Started LibraryAppApplication in 4.909 seconds (JVM running for 5.837)
2023-03-09 14:39:03,867 INFO  [RMI TCP Connection(2)-192.168.1.116] org.apache.catalina.core.ContainerBase.[Tomcat].[localhost].[/]:Initializing Spring DispatcherServlet 'dispatcherServlet'
2023-03-09 14:41:07,951 INFO  [SpringApplicationShutdownHook] org.springframework.orm.jpa.LocalContainerEntityManagerFactoryBean:Closing JPA EntityManagerFactory for persistence unit 'default'
2023-03-09 14:41:07,955 INFO  [SpringApplicationShutdownHook] com.zaxxer.hikari.HikariDataSource:HikariPool-1 - Shutdown initiated...
2023-03-09 14:41:07,957 INFO  [SpringApplicationShutdownHook] com.zaxxer.hikari.HikariDataSource:HikariPool-1 - Shutdown completed.
2023-03-09 14:51:03,768 INFO  [restartedMain] com.lib.LibraryAppApplication:Starting LibraryAppApplication using Java 18.0.2 on DESKTOP-Q0MDKP6 with PID 8360 (D:\JavaProjects\LibraryAppDev1\target\classes started by Nitro in D:\JavaProjects\LibraryAppDev1)
2023-03-09 14:51:03,770 INFO  [restartedMain] com.lib.LibraryAppApplication:No active profile set, falling back to 1 default profile: "default"
2023-03-09 14:51:03,830 INFO  [restartedMain] org.springframework.boot.devtools.env.DevToolsPropertyDefaultsPostProcessor:Devtools property defaults active! Set 'spring.devtools.add-properties' to 'false' to disable
2023-03-09 14:51:03,831 INFO  [restartedMain] org.springframework.boot.devtools.env.DevToolsPropertyDefaultsPostProcessor:For additional web related logging consider setting the 'logging.level.web' property to 'DEBUG'
2023-03-09 14:51:04,831 INFO  [restartedMain] org.springframework.data.repository.config.RepositoryConfigurationDelegate:Bootstrapping Spring Data JPA repositories in DEFAULT mode.
2023-03-09 14:51:04,906 INFO  [restartedMain] org.springframework.data.repository.config.RepositoryConfigurationDelegate:Finished Spring Data repository scanning in 62 ms. Found 2 JPA repository interfaces.
2023-03-09 14:51:05,638 INFO  [restartedMain] org.springframework.boot.web.embedded.tomcat.TomcatWebServer:Tomcat initialized with port(s): 8080 (http)
2023-03-09 14:51:05,647 INFO  [restartedMain] org.apache.catalina.core.StandardService:Starting service [Tomcat]
2023-03-09 14:51:05,648 INFO  [restartedMain] org.apache.catalina.core.StandardEngine:Starting Servlet engine: [Apache Tomcat/9.0.71]
2023-03-09 14:51:05,746 INFO  [restartedMain] org.apache.catalina.core.ContainerBase.[Tomcat].[localhost].[/]:Initializing Spring embedded WebApplicationContext
2023-03-09 14:51:05,746 INFO  [restartedMain] org.springframework.boot.web.servlet.context.ServletWebServerApplicationContext:Root WebApplicationContext: initialization completed in 1914 ms
2023-03-09 14:51:06,021 INFO  [restartedMain] org.hibernate.jpa.internal.util.LogHelper:HHH000204: Processing PersistenceUnitInfo [name: default]
2023-03-09 14:51:06,078 INFO  [restartedMain] org.hibernate.Version:HHH000412: Hibernate ORM core version 5.6.14.Final
2023-03-09 14:51:06,291 INFO  [restartedMain] org.hibernate.annotations.common.Version:HCANN000001: Hibernate Commons Annotations {5.1.2.Final}
2023-03-09 14:51:06,423 INFO  [restartedMain] com.zaxxer.hikari.HikariDataSource:HikariPool-1 - Starting...
2023-03-09 14:51:06,621 INFO  [restartedMain] com.zaxxer.hikari.HikariDataSource:HikariPool-1 - Start completed.
2023-03-09 14:51:06,641 INFO  [restartedMain] org.hibernate.dialect.Dialect:HHH000400: Using dialect: org.hibernate.dialect.PostgreSQLDialect
2023-03-09 14:51:07,798 INFO  [restartedMain] org.hibernate.engine.transaction.jta.platform.internal.JtaPlatformInitiator:HHH000490: Using JtaPlatform implementation: [org.hibernate.engine.transaction.jta.platform.internal.NoJtaPlatform]
2023-03-09 14:51:07,807 INFO  [restartedMain] org.springframework.orm.jpa.LocalContainerEntityManagerFactoryBean:Initialized JPA EntityManagerFactory for persistence unit 'default'
2023-03-09 14:51:08,136 WARN  [restartedMain] org.springframework.boot.autoconfigure.orm.jpa.JpaBaseConfiguration$JpaWebConfiguration:spring.jpa.open-in-view is enabled by default. Therefore, database queries may be performed during view rendering. Explicitly configure spring.jpa.open-in-view to disable this warning
2023-03-09 14:51:08,604 INFO  [restartedMain] org.springframework.boot.devtools.autoconfigure.OptionalLiveReloadServer:LiveReload server is running on port 35729
2023-03-09 14:51:08,611 INFO  [restartedMain] org.springframework.boot.actuate.endpoint.web.EndpointLinksResolver:Exposing 15 endpoint(s) beneath base path '/actuator'
2023-03-09 14:51:08,658 INFO  [restartedMain] org.springframework.boot.web.embedded.tomcat.TomcatWebServer:Tomcat started on port(s): 8080 (http) with context path ''
2023-03-09 14:51:08,676 INFO  [restartedMain] com.lib.LibraryAppApplication:Started LibraryAppApplication in 5.437 seconds (JVM running for 6.216)
2023-03-09 14:51:08,734 INFO  [RMI TCP Connection(3)-192.168.1.116] org.apache.catalina.core.ContainerBase.[Tomcat].[localhost].[/]:Initializing Spring DispatcherServlet 'dispatcherServlet'
2023-03-09 14:52:32,325 ERROR [http-nio-8080-exec-2] com.lib.exception.LibraryExceptionHandling:Handler dispatch failed; nested exception is java.lang.NoSuchMethodError: 'boolean com.lib.domain.Author.isBuiltIn()'
2023-03-09 14:52:32,333 WARN  [http-nio-8080-exec-2] org.springframework.web.servlet.mvc.method.annotation.ExceptionHandlerExceptionResolver:Resolved [org.springframework.web.util.NestedServletException: Handler dispatch failed; nested exception is java.lang.NoSuchMethodError: 'boolean com.lib.domain.Author.isBuiltIn()']
2023-03-09 14:53:22,201 ERROR [http-nio-8080-exec-9] com.lib.exception.LibraryExceptionHandling:Handler dispatch failed; nested exception is java.lang.NoSuchMethodError: 'boolean com.lib.domain.Author.isBuiltIn()'
2023-03-09 14:53:22,202 WARN  [http-nio-8080-exec-9] org.springframework.web.servlet.mvc.method.annotation.ExceptionHandlerExceptionResolver:Resolved [org.springframework.web.util.NestedServletException: Handler dispatch failed; nested exception is java.lang.NoSuchMethodError: 'boolean com.lib.domain.Author.isBuiltIn()']
2023-03-09 14:54:55,633 INFO  [SpringApplicationShutdownHook] org.springframework.orm.jpa.LocalContainerEntityManagerFactoryBean:Closing JPA EntityManagerFactory for persistence unit 'default'
2023-03-09 14:54:55,637 INFO  [SpringApplicationShutdownHook] com.zaxxer.hikari.HikariDataSource:HikariPool-1 - Shutdown initiated...
2023-03-09 14:54:55,640 INFO  [SpringApplicationShutdownHook] com.zaxxer.hikari.HikariDataSource:HikariPool-1 - Shutdown completed.
2023-03-09 14:55:00,323 INFO  [restartedMain] com.lib.LibraryAppApplication:Starting LibraryAppApplication using Java 18.0.2 on DESKTOP-Q0MDKP6 with PID 12896 (D:\JavaProjects\LibraryAppDev1\target\classes started by Nitro in D:\JavaProjects\LibraryAppDev1)
2023-03-09 14:55:00,324 INFO  [restartedMain] com.lib.LibraryAppApplication:No active profile set, falling back to 1 default profile: "default"
2023-03-09 14:55:00,369 INFO  [restartedMain] org.springframework.boot.devtools.env.DevToolsPropertyDefaultsPostProcessor:Devtools property defaults active! Set 'spring.devtools.add-properties' to 'false' to disable
2023-03-09 14:55:00,369 INFO  [restartedMain] org.springframework.boot.devtools.env.DevToolsPropertyDefaultsPostProcessor:For additional web related logging consider setting the 'logging.level.web' property to 'DEBUG'
2023-03-09 14:55:01,162 INFO  [restartedMain] org.springframework.data.repository.config.RepositoryConfigurationDelegate:Bootstrapping Spring Data JPA repositories in DEFAULT mode.
2023-03-09 14:55:01,215 INFO  [restartedMain] org.springframework.data.repository.config.RepositoryConfigurationDelegate:Finished Spring Data repository scanning in 45 ms. Found 2 JPA repository interfaces.
2023-03-09 14:55:01,739 INFO  [restartedMain] org.springframework.boot.web.embedded.tomcat.TomcatWebServer:Tomcat initialized with port(s): 8080 (http)
2023-03-09 14:55:01,747 INFO  [restartedMain] org.apache.catalina.core.StandardService:Starting service [Tomcat]
2023-03-09 14:55:01,748 INFO  [restartedMain] org.apache.catalina.core.StandardEngine:Starting Servlet engine: [Apache Tomcat/9.0.71]
2023-03-09 14:55:01,826 INFO  [restartedMain] org.apache.catalina.core.ContainerBase.[Tomcat].[localhost].[/]:Initializing Spring embedded WebApplicationContext
2023-03-09 14:55:01,827 INFO  [restartedMain] org.springframework.boot.web.servlet.context.ServletWebServerApplicationContext:Root WebApplicationContext: initialization completed in 1457 ms
2023-03-09 14:55:02,049 INFO  [restartedMain] org.hibernate.jpa.internal.util.LogHelper:HHH000204: Processing PersistenceUnitInfo [name: default]
2023-03-09 14:55:02,093 INFO  [restartedMain] org.hibernate.Version:HHH000412: Hibernate ORM core version 5.6.14.Final
2023-03-09 14:55:02,254 INFO  [restartedMain] org.hibernate.annotations.common.Version:HCANN000001: Hibernate Commons Annotations {5.1.2.Final}
2023-03-09 14:55:02,346 INFO  [restartedMain] com.zaxxer.hikari.HikariDataSource:HikariPool-1 - Starting...
2023-03-09 14:55:02,499 INFO  [restartedMain] com.zaxxer.hikari.HikariDataSource:HikariPool-1 - Start completed.
2023-03-09 14:55:02,515 INFO  [restartedMain] org.hibernate.dialect.Dialect:HHH000400: Using dialect: org.hibernate.dialect.PostgreSQLDialect
2023-03-09 14:55:03,455 INFO  [restartedMain] org.hibernate.engine.transaction.jta.platform.internal.JtaPlatformInitiator:HHH000490: Using JtaPlatform implementation: [org.hibernate.engine.transaction.jta.platform.internal.NoJtaPlatform]
2023-03-09 14:55:03,463 INFO  [restartedMain] org.springframework.orm.jpa.LocalContainerEntityManagerFactoryBean:Initialized JPA EntityManagerFactory for persistence unit 'default'
2023-03-09 14:55:03,756 WARN  [restartedMain] org.springframework.boot.autoconfigure.orm.jpa.JpaBaseConfiguration$JpaWebConfiguration:spring.jpa.open-in-view is enabled by default. Therefore, database queries may be performed during view rendering. Explicitly configure spring.jpa.open-in-view to disable this warning
2023-03-09 14:55:04,205 INFO  [restartedMain] org.springframework.boot.devtools.autoconfigure.OptionalLiveReloadServer:LiveReload server is running on port 35729
2023-03-09 14:55:04,212 INFO  [restartedMain] org.springframework.boot.actuate.endpoint.web.EndpointLinksResolver:Exposing 15 endpoint(s) beneath base path '/actuator'
2023-03-09 14:55:04,259 INFO  [restartedMain] org.springframework.boot.web.embedded.tomcat.TomcatWebServer:Tomcat started on port(s): 8080 (http) with context path ''
2023-03-09 14:55:04,277 INFO  [restartedMain] com.lib.LibraryAppApplication:Started LibraryAppApplication in 4.369 seconds (JVM running for 5.062)
2023-03-09 14:55:04,776 INFO  [RMI TCP Connection(1)-192.168.1.116] org.apache.catalina.core.ContainerBase.[Tomcat].[localhost].[/]:Initializing Spring DispatcherServlet 'dispatcherServlet'
2023-03-09 14:55:09,547 ERROR [http-nio-8080-exec-3] com.lib.exception.LibraryExceptionHandling:Handler dispatch failed; nested exception is java.lang.NoSuchMethodError: 'boolean com.lib.domain.Author.isBuiltIn()'
2023-03-09 14:55:09,572 WARN  [http-nio-8080-exec-3] org.springframework.web.servlet.mvc.method.annotation.ExceptionHandlerExceptionResolver:Resolved [org.springframework.web.util.NestedServletException: Handler dispatch failed; nested exception is java.lang.NoSuchMethodError: 'boolean com.lib.domain.Author.isBuiltIn()']
2023-03-09 14:55:27,871 INFO  [SpringApplicationShutdownHook] org.springframework.orm.jpa.LocalContainerEntityManagerFactoryBean:Closing JPA EntityManagerFactory for persistence unit 'default'
2023-03-09 14:55:27,875 INFO  [SpringApplicationShutdownHook] com.zaxxer.hikari.HikariDataSource:HikariPool-1 - Shutdown initiated...
2023-03-09 14:55:27,877 INFO  [SpringApplicationShutdownHook] com.zaxxer.hikari.HikariDataSource:HikariPool-1 - Shutdown completed.
2023-03-09 14:56:27,970 INFO  [restartedMain] com.lib.LibraryAppApplication:Starting LibraryAppApplication using Java 18.0.2 on DESKTOP-Q0MDKP6 with PID 14012 (D:\JavaProjects\LibraryAppDev1\target\classes started by Nitro in D:\JavaProjects\LibraryAppDev1)
2023-03-09 14:56:27,972 INFO  [restartedMain] com.lib.LibraryAppApplication:No active profile set, falling back to 1 default profile: "default"
2023-03-09 14:56:28,014 INFO  [restartedMain] org.springframework.boot.devtools.env.DevToolsPropertyDefaultsPostProcessor:Devtools property defaults active! Set 'spring.devtools.add-properties' to 'false' to disable
2023-03-09 14:56:28,015 INFO  [restartedMain] org.springframework.boot.devtools.env.DevToolsPropertyDefaultsPostProcessor:For additional web related logging consider setting the 'logging.level.web' property to 'DEBUG'
2023-03-09 14:56:28,781 INFO  [restartedMain] org.springframework.data.repository.config.RepositoryConfigurationDelegate:Bootstrapping Spring Data JPA repositories in DEFAULT mode.
2023-03-09 14:56:28,833 INFO  [restartedMain] org.springframework.data.repository.config.RepositoryConfigurationDelegate:Finished Spring Data repository scanning in 44 ms. Found 2 JPA repository interfaces.
2023-03-09 14:56:29,363 INFO  [restartedMain] org.springframework.boot.web.embedded.tomcat.TomcatWebServer:Tomcat initialized with port(s): 8080 (http)
2023-03-09 14:56:29,372 INFO  [restartedMain] org.apache.catalina.core.StandardService:Starting service [Tomcat]
2023-03-09 14:56:29,372 INFO  [restartedMain] org.apache.catalina.core.StandardEngine:Starting Servlet engine: [Apache Tomcat/9.0.71]
2023-03-09 14:56:29,452 INFO  [restartedMain] org.apache.catalina.core.ContainerBase.[Tomcat].[localhost].[/]:Initializing Spring embedded WebApplicationContext
2023-03-09 14:56:29,453 INFO  [restartedMain] org.springframework.boot.web.servlet.context.ServletWebServerApplicationContext:Root WebApplicationContext: initialization completed in 1438 ms
2023-03-09 14:56:29,679 INFO  [restartedMain] org.hibernate.jpa.internal.util.LogHelper:HHH000204: Processing PersistenceUnitInfo [name: default]
2023-03-09 14:56:29,722 INFO  [restartedMain] org.hibernate.Version:HHH000412: Hibernate ORM core version 5.6.14.Final
2023-03-09 14:56:29,873 INFO  [restartedMain] org.hibernate.annotations.common.Version:HCANN000001: Hibernate Commons Annotations {5.1.2.Final}
2023-03-09 14:56:29,964 INFO  [restartedMain] com.zaxxer.hikari.HikariDataSource:HikariPool-1 - Starting...
2023-03-09 14:56:30,117 INFO  [restartedMain] com.zaxxer.hikari.HikariDataSource:HikariPool-1 - Start completed.
2023-03-09 14:56:30,132 INFO  [restartedMain] org.hibernate.dialect.Dialect:HHH000400: Using dialect: org.hibernate.dialect.PostgreSQLDialect
2023-03-09 14:56:31,059 INFO  [restartedMain] org.hibernate.engine.transaction.jta.platform.internal.JtaPlatformInitiator:HHH000490: Using JtaPlatform implementation: [org.hibernate.engine.transaction.jta.platform.internal.NoJtaPlatform]
2023-03-09 14:56:31,067 INFO  [restartedMain] org.springframework.orm.jpa.LocalContainerEntityManagerFactoryBean:Initialized JPA EntityManagerFactory for persistence unit 'default'
2023-03-09 14:56:31,364 WARN  [restartedMain] org.springframework.boot.autoconfigure.orm.jpa.JpaBaseConfiguration$JpaWebConfiguration:spring.jpa.open-in-view is enabled by default. Therefore, database queries may be performed during view rendering. Explicitly configure spring.jpa.open-in-view to disable this warning
2023-03-09 14:56:31,822 INFO  [restartedMain] org.springframework.boot.devtools.autoconfigure.OptionalLiveReloadServer:LiveReload server is running on port 35729
2023-03-09 14:56:31,829 INFO  [restartedMain] org.springframework.boot.actuate.endpoint.web.EndpointLinksResolver:Exposing 15 endpoint(s) beneath base path '/actuator'
2023-03-09 14:56:31,875 INFO  [restartedMain] org.springframework.boot.web.embedded.tomcat.TomcatWebServer:Tomcat started on port(s): 8080 (http) with context path ''
2023-03-09 14:56:31,893 INFO  [restartedMain] com.lib.LibraryAppApplication:Started LibraryAppApplication in 4.333 seconds (JVM running for 5.001)
2023-03-09 14:56:32,051 INFO  [RMI TCP Connection(3)-192.168.1.116] org.apache.catalina.core.ContainerBase.[Tomcat].[localhost].[/]:Initializing Spring DispatcherServlet 'dispatcherServlet'
2023-03-09 14:56:36,063 ERROR [http-nio-8080-exec-3] com.lib.exception.LibraryExceptionHandling:Handler dispatch failed; nested exception is java.lang.NoSuchMethodError: 'boolean com.lib.domain.Author.isBuiltIn()'
2023-03-09 14:56:36,096 WARN  [http-nio-8080-exec-3] org.springframework.web.servlet.mvc.method.annotation.ExceptionHandlerExceptionResolver:Resolved [org.springframework.web.util.NestedServletException: Handler dispatch failed; nested exception is java.lang.NoSuchMethodError: 'boolean com.lib.domain.Author.isBuiltIn()']
2023-03-09 14:56:39,135 ERROR [http-nio-8080-exec-4] com.lib.exception.LibraryExceptionHandling:Handler dispatch failed; nested exception is java.lang.NoSuchMethodError: 'boolean com.lib.domain.Author.isBuiltIn()'
2023-03-09 14:56:39,137 WARN  [http-nio-8080-exec-4] org.springframework.web.servlet.mvc.method.annotation.ExceptionHandlerExceptionResolver:Resolved [org.springframework.web.util.NestedServletException: Handler dispatch failed; nested exception is java.lang.NoSuchMethodError: 'boolean com.lib.domain.Author.isBuiltIn()']
2023-03-09 14:56:51,996 INFO  [SpringApplicationShutdownHook] org.springframework.orm.jpa.LocalContainerEntityManagerFactoryBean:Closing JPA EntityManagerFactory for persistence unit 'default'
2023-03-09 14:56:52,000 INFO  [SpringApplicationShutdownHook] com.zaxxer.hikari.HikariDataSource:HikariPool-1 - Shutdown initiated...
2023-03-09 14:56:52,003 INFO  [SpringApplicationShutdownHook] com.zaxxer.hikari.HikariDataSource:HikariPool-1 - Shutdown completed.
2023-03-09 14:58:12,251 INFO  [restartedMain] com.lib.LibraryAppApplication:Starting LibraryAppApplication using Java 18.0.2 on DESKTOP-Q0MDKP6 with PID 1084 (D:\JavaProjects\LibraryAppDev1\target\classes started by Nitro in D:\JavaProjects\LibraryAppDev1)
2023-03-09 14:58:12,252 INFO  [restartedMain] com.lib.LibraryAppApplication:No active profile set, falling back to 1 default profile: "default"
2023-03-09 14:58:12,298 INFO  [restartedMain] org.springframework.boot.devtools.env.DevToolsPropertyDefaultsPostProcessor:Devtools property defaults active! Set 'spring.devtools.add-properties' to 'false' to disable
2023-03-09 14:58:12,299 INFO  [restartedMain] org.springframework.boot.devtools.env.DevToolsPropertyDefaultsPostProcessor:For additional web related logging consider setting the 'logging.level.web' property to 'DEBUG'
2023-03-09 14:58:13,134 INFO  [restartedMain] org.springframework.data.repository.config.RepositoryConfigurationDelegate:Bootstrapping Spring Data JPA repositories in DEFAULT mode.
2023-03-09 14:58:13,191 INFO  [restartedMain] org.springframework.data.repository.config.RepositoryConfigurationDelegate:Finished Spring Data repository scanning in 48 ms. Found 2 JPA repository interfaces.
2023-03-09 14:58:13,767 INFO  [restartedMain] org.springframework.boot.web.embedded.tomcat.TomcatWebServer:Tomcat initialized with port(s): 8080 (http)
2023-03-09 14:58:13,776 INFO  [restartedMain] org.apache.catalina.core.StandardService:Starting service [Tomcat]
2023-03-09 14:58:13,777 INFO  [restartedMain] org.apache.catalina.core.StandardEngine:Starting Servlet engine: [Apache Tomcat/9.0.71]
2023-03-09 14:58:13,860 INFO  [restartedMain] org.apache.catalina.core.ContainerBase.[Tomcat].[localhost].[/]:Initializing Spring embedded WebApplicationContext
2023-03-09 14:58:13,860 INFO  [restartedMain] org.springframework.boot.web.servlet.context.ServletWebServerApplicationContext:Root WebApplicationContext: initialization completed in 1561 ms
2023-03-09 14:58:14,114 INFO  [restartedMain] org.hibernate.jpa.internal.util.LogHelper:HHH000204: Processing PersistenceUnitInfo [name: default]
2023-03-09 14:58:14,160 INFO  [restartedMain] org.hibernate.Version:HHH000412: Hibernate ORM core version 5.6.14.Final
2023-03-09 14:58:14,321 INFO  [restartedMain] org.hibernate.annotations.common.Version:HCANN000001: Hibernate Commons Annotations {5.1.2.Final}
2023-03-09 14:58:14,414 INFO  [restartedMain] com.zaxxer.hikari.HikariDataSource:HikariPool-1 - Starting...
2023-03-09 14:58:14,573 INFO  [restartedMain] com.zaxxer.hikari.HikariDataSource:HikariPool-1 - Start completed.
2023-03-09 14:58:14,590 INFO  [restartedMain] org.hibernate.dialect.Dialect:HHH000400: Using dialect: org.hibernate.dialect.PostgreSQLDialect
2023-03-09 14:58:15,527 INFO  [restartedMain] org.hibernate.engine.transaction.jta.platform.internal.JtaPlatformInitiator:HHH000490: Using JtaPlatform implementation: [org.hibernate.engine.transaction.jta.platform.internal.NoJtaPlatform]
2023-03-09 14:58:15,534 INFO  [restartedMain] org.springframework.orm.jpa.LocalContainerEntityManagerFactoryBean:Initialized JPA EntityManagerFactory for persistence unit 'default'
2023-03-09 14:58:15,823 WARN  [restartedMain] org.springframework.boot.autoconfigure.orm.jpa.JpaBaseConfiguration$JpaWebConfiguration:spring.jpa.open-in-view is enabled by default. Therefore, database queries may be performed during view rendering. Explicitly configure spring.jpa.open-in-view to disable this warning
2023-03-09 14:58:16,273 INFO  [restartedMain] org.springframework.boot.devtools.autoconfigure.OptionalLiveReloadServer:LiveReload server is running on port 35729
2023-03-09 14:58:16,279 INFO  [restartedMain] org.springframework.boot.actuate.endpoint.web.EndpointLinksResolver:Exposing 15 endpoint(s) beneath base path '/actuator'
2023-03-09 14:58:16,326 INFO  [restartedMain] org.springframework.boot.web.embedded.tomcat.TomcatWebServer:Tomcat started on port(s): 8080 (http) with context path ''
2023-03-09 14:58:16,344 INFO  [restartedMain] com.lib.LibraryAppApplication:Started LibraryAppApplication in 4.516 seconds (JVM running for 5.255)
2023-03-09 14:58:16,559 INFO  [RMI TCP Connection(2)-192.168.1.116] org.apache.catalina.core.ContainerBase.[Tomcat].[localhost].[/]:Initializing Spring DispatcherServlet 'dispatcherServlet'
2023-03-09 14:58:21,034 ERROR [http-nio-8080-exec-2] com.lib.exception.LibraryExceptionHandling:Handler dispatch failed; nested exception is java.lang.NoSuchMethodError: 'boolean com.lib.domain.Author.isBuiltIn()'
2023-03-09 14:58:21,058 WARN  [http-nio-8080-exec-2] org.springframework.web.servlet.mvc.method.annotation.ExceptionHandlerExceptionResolver:Resolved [org.springframework.web.util.NestedServletException: Handler dispatch failed; nested exception is java.lang.NoSuchMethodError: 'boolean com.lib.domain.Author.isBuiltIn()']
2023-03-09 14:59:37,431 ERROR [http-nio-8080-exec-5] com.lib.exception.LibraryExceptionHandling:Handler dispatch failed; nested exception is java.lang.NoSuchMethodError: 'boolean com.lib.domain.Author.isBuiltIn()'
2023-03-09 14:59:37,433 WARN  [http-nio-8080-exec-5] org.springframework.web.servlet.mvc.method.annotation.ExceptionHandlerExceptionResolver:Resolved [org.springframework.web.util.NestedServletException: Handler dispatch failed; nested exception is java.lang.NoSuchMethodError: 'boolean com.lib.domain.Author.isBuiltIn()']
2023-03-09 14:59:53,480 ERROR [http-nio-8080-exec-8] com.lib.exception.LibraryExceptionHandling:Handler dispatch failed; nested exception is java.lang.NoSuchMethodError: 'boolean com.lib.domain.Author.isBuiltIn()'
2023-03-09 14:59:53,481 WARN  [http-nio-8080-exec-8] org.springframework.web.servlet.mvc.method.annotation.ExceptionHandlerExceptionResolver:Resolved [org.springframework.web.util.NestedServletException: Handler dispatch failed; nested exception is java.lang.NoSuchMethodError: 'boolean com.lib.domain.Author.isBuiltIn()']
2023-03-09 15:00:40,311 INFO  [SpringApplicationShutdownHook] org.springframework.orm.jpa.LocalContainerEntityManagerFactoryBean:Closing JPA EntityManagerFactory for persistence unit 'default'
2023-03-09 15:00:40,315 INFO  [SpringApplicationShutdownHook] com.zaxxer.hikari.HikariDataSource:HikariPool-1 - Shutdown initiated...
2023-03-09 15:00:40,317 INFO  [SpringApplicationShutdownHook] com.zaxxer.hikari.HikariDataSource:HikariPool-1 - Shutdown completed.
2023-03-09 15:01:29,464 INFO  [restartedMain] com.lib.LibraryAppApplication:Starting LibraryAppApplication using Java 18.0.2 on DESKTOP-Q0MDKP6 with PID 8708 (D:\JavaProjects\LibraryAppDev1\target\classes started by Nitro in D:\JavaProjects\LibraryAppDev1)
2023-03-09 15:01:29,466 INFO  [restartedMain] com.lib.LibraryAppApplication:No active profile set, falling back to 1 default profile: "default"
2023-03-09 15:01:29,510 INFO  [restartedMain] org.springframework.boot.devtools.env.DevToolsPropertyDefaultsPostProcessor:Devtools property defaults active! Set 'spring.devtools.add-properties' to 'false' to disable
2023-03-09 15:01:29,511 INFO  [restartedMain] org.springframework.boot.devtools.env.DevToolsPropertyDefaultsPostProcessor:For additional web related logging consider setting the 'logging.level.web' property to 'DEBUG'
2023-03-09 15:01:30,280 INFO  [restartedMain] org.springframework.data.repository.config.RepositoryConfigurationDelegate:Bootstrapping Spring Data JPA repositories in DEFAULT mode.
2023-03-09 15:01:30,332 INFO  [restartedMain] org.springframework.data.repository.config.RepositoryConfigurationDelegate:Finished Spring Data repository scanning in 44 ms. Found 2 JPA repository interfaces.
2023-03-09 15:01:30,867 INFO  [restartedMain] org.springframework.boot.web.embedded.tomcat.TomcatWebServer:Tomcat initialized with port(s): 8080 (http)
2023-03-09 15:01:30,876 INFO  [restartedMain] org.apache.catalina.core.StandardService:Starting service [Tomcat]
2023-03-09 15:01:30,876 INFO  [restartedMain] org.apache.catalina.core.StandardEngine:Starting Servlet engine: [Apache Tomcat/9.0.71]
2023-03-09 15:01:30,958 INFO  [restartedMain] org.apache.catalina.core.ContainerBase.[Tomcat].[localhost].[/]:Initializing Spring embedded WebApplicationContext
2023-03-09 15:01:30,958 INFO  [restartedMain] org.springframework.boot.web.servlet.context.ServletWebServerApplicationContext:Root WebApplicationContext: initialization completed in 1447 ms
2023-03-09 15:01:31,188 INFO  [restartedMain] org.hibernate.jpa.internal.util.LogHelper:HHH000204: Processing PersistenceUnitInfo [name: default]
2023-03-09 15:01:31,232 INFO  [restartedMain] org.hibernate.Version:HHH000412: Hibernate ORM core version 5.6.14.Final
2023-03-09 15:01:31,384 INFO  [restartedMain] org.hibernate.annotations.common.Version:HCANN000001: Hibernate Commons Annotations {5.1.2.Final}
2023-03-09 15:01:31,483 INFO  [restartedMain] com.zaxxer.hikari.HikariDataSource:HikariPool-1 - Starting...
2023-03-09 15:01:31,637 INFO  [restartedMain] com.zaxxer.hikari.HikariDataSource:HikariPool-1 - Start completed.
2023-03-09 15:01:31,653 INFO  [restartedMain] org.hibernate.dialect.Dialect:HHH000400: Using dialect: org.hibernate.dialect.PostgreSQLDialect
2023-03-09 15:01:32,591 INFO  [restartedMain] org.hibernate.engine.transaction.jta.platform.internal.JtaPlatformInitiator:HHH000490: Using JtaPlatform implementation: [org.hibernate.engine.transaction.jta.platform.internal.NoJtaPlatform]
2023-03-09 15:01:32,599 INFO  [restartedMain] org.springframework.orm.jpa.LocalContainerEntityManagerFactoryBean:Initialized JPA EntityManagerFactory for persistence unit 'default'
2023-03-09 15:01:32,896 WARN  [restartedMain] org.springframework.boot.autoconfigure.orm.jpa.JpaBaseConfiguration$JpaWebConfiguration:spring.jpa.open-in-view is enabled by default. Therefore, database queries may be performed during view rendering. Explicitly configure spring.jpa.open-in-view to disable this warning
2023-03-09 15:01:33,351 INFO  [restartedMain] org.springframework.boot.devtools.autoconfigure.OptionalLiveReloadServer:LiveReload server is running on port 35729
2023-03-09 15:01:33,358 INFO  [restartedMain] org.springframework.boot.actuate.endpoint.web.EndpointLinksResolver:Exposing 15 endpoint(s) beneath base path '/actuator'
2023-03-09 15:01:33,404 INFO  [restartedMain] org.springframework.boot.web.embedded.tomcat.TomcatWebServer:Tomcat started on port(s): 8080 (http) with context path ''
2023-03-09 15:01:33,423 INFO  [restartedMain] com.lib.LibraryAppApplication:Started LibraryAppApplication in 4.358 seconds (JVM running for 5.042)
2023-03-09 15:01:33,574 INFO  [RMI TCP Connection(2)-192.168.1.116] org.apache.catalina.core.ContainerBase.[Tomcat].[localhost].[/]:Initializing Spring DispatcherServlet 'dispatcherServlet'
2023-03-09 15:02:11,970 INFO  [SpringApplicationShutdownHook] org.springframework.orm.jpa.LocalContainerEntityManagerFactoryBean:Closing JPA EntityManagerFactory for persistence unit 'default'
2023-03-09 15:02:11,974 INFO  [SpringApplicationShutdownHook] com.zaxxer.hikari.HikariDataSource:HikariPool-1 - Shutdown initiated...
2023-03-09 15:02:11,977 INFO  [SpringApplicationShutdownHook] com.zaxxer.hikari.HikariDataSource:HikariPool-1 - Shutdown completed.
2023-03-09 15:09:29,266 INFO  [restartedMain] com.lib.LibraryAppApplication:Starting LibraryAppApplication using Java 18.0.2 on DESKTOP-Q0MDKP6 with PID 2092 (D:\JavaProjects\LibraryAppDev1\target\classes started by Nitro in D:\JavaProjects\LibraryAppDev1)
2023-03-09 15:09:29,267 INFO  [restartedMain] com.lib.LibraryAppApplication:No active profile set, falling back to 1 default profile: "default"
2023-03-09 15:09:29,311 INFO  [restartedMain] org.springframework.boot.devtools.env.DevToolsPropertyDefaultsPostProcessor:Devtools property defaults active! Set 'spring.devtools.add-properties' to 'false' to disable
2023-03-09 15:09:29,312 INFO  [restartedMain] org.springframework.boot.devtools.env.DevToolsPropertyDefaultsPostProcessor:For additional web related logging consider setting the 'logging.level.web' property to 'DEBUG'
2023-03-09 15:09:30,086 INFO  [restartedMain] org.springframework.data.repository.config.RepositoryConfigurationDelegate:Bootstrapping Spring Data JPA repositories in DEFAULT mode.
2023-03-09 15:09:30,137 INFO  [restartedMain] org.springframework.data.repository.config.RepositoryConfigurationDelegate:Finished Spring Data repository scanning in 44 ms. Found 2 JPA repository interfaces.
2023-03-09 15:09:30,653 INFO  [restartedMain] org.springframework.boot.web.embedded.tomcat.TomcatWebServer:Tomcat initialized with port(s): 8080 (http)
2023-03-09 15:09:30,662 INFO  [restartedMain] org.apache.catalina.core.StandardService:Starting service [Tomcat]
2023-03-09 15:09:30,662 INFO  [restartedMain] org.apache.catalina.core.StandardEngine:Starting Servlet engine: [Apache Tomcat/9.0.71]
2023-03-09 15:09:30,741 INFO  [restartedMain] org.apache.catalina.core.ContainerBase.[Tomcat].[localhost].[/]:Initializing Spring embedded WebApplicationContext
2023-03-09 15:09:30,741 INFO  [restartedMain] org.springframework.boot.web.servlet.context.ServletWebServerApplicationContext:Root WebApplicationContext: initialization completed in 1429 ms
2023-03-09 15:09:30,967 INFO  [restartedMain] org.hibernate.jpa.internal.util.LogHelper:HHH000204: Processing PersistenceUnitInfo [name: default]
2023-03-09 15:09:31,017 INFO  [restartedMain] org.hibernate.Version:HHH000412: Hibernate ORM core version 5.6.14.Final
2023-03-09 15:09:31,169 INFO  [restartedMain] org.hibernate.annotations.common.Version:HCANN000001: Hibernate Commons Annotations {5.1.2.Final}
2023-03-09 15:09:31,261 INFO  [restartedMain] com.zaxxer.hikari.HikariDataSource:HikariPool-1 - Starting...
2023-03-09 15:09:31,424 INFO  [restartedMain] com.zaxxer.hikari.HikariDataSource:HikariPool-1 - Start completed.
2023-03-09 15:09:31,440 INFO  [restartedMain] org.hibernate.dialect.Dialect:HHH000400: Using dialect: org.hibernate.dialect.PostgreSQLDialect
2023-03-09 15:09:32,367 INFO  [restartedMain] org.hibernate.engine.transaction.jta.platform.internal.JtaPlatformInitiator:HHH000490: Using JtaPlatform implementation: [org.hibernate.engine.transaction.jta.platform.internal.NoJtaPlatform]
2023-03-09 15:09:32,376 INFO  [restartedMain] org.springframework.orm.jpa.LocalContainerEntityManagerFactoryBean:Initialized JPA EntityManagerFactory for persistence unit 'default'
2023-03-09 15:09:32,660 WARN  [restartedMain] org.springframework.boot.autoconfigure.orm.jpa.JpaBaseConfiguration$JpaWebConfiguration:spring.jpa.open-in-view is enabled by default. Therefore, database queries may be performed during view rendering. Explicitly configure spring.jpa.open-in-view to disable this warning
2023-03-09 15:09:33,099 INFO  [restartedMain] org.springframework.boot.devtools.autoconfigure.OptionalLiveReloadServer:LiveReload server is running on port 35729
2023-03-09 15:09:33,112 INFO  [restartedMain] org.springframework.boot.actuate.endpoint.web.EndpointLinksResolver:Exposing 15 endpoint(s) beneath base path '/actuator'
2023-03-09 15:09:33,158 INFO  [restartedMain] org.springframework.boot.web.embedded.tomcat.TomcatWebServer:Tomcat started on port(s): 8080 (http) with context path ''
2023-03-09 15:09:33,176 INFO  [restartedMain] com.lib.LibraryAppApplication:Started LibraryAppApplication in 4.326 seconds (JVM running for 5.021)
2023-03-09 15:09:33,341 INFO  [RMI TCP Connection(2)-192.168.1.116] org.apache.catalina.core.ContainerBase.[Tomcat].[localhost].[/]:Initializing Spring DispatcherServlet 'dispatcherServlet'
2023-03-09 15:10:07,265 ERROR [http-nio-8080-exec-5] com.lib.exception.LibraryExceptionHandling:Resource with id 4 not found
2023-03-09 15:10:07,272 WARN  [http-nio-8080-exec-5] org.springframework.web.servlet.mvc.method.annotation.ExceptionHandlerExceptionResolver:Resolved [com.lib.exception.ResourceNotFoundException: Resource with id 4 not found]
2023-03-09 15:15:55,839 INFO  [SpringApplicationShutdownHook] org.springframework.orm.jpa.LocalContainerEntityManagerFactoryBean:Closing JPA EntityManagerFactory for persistence unit 'default'
2023-03-09 15:15:55,844 INFO  [SpringApplicationShutdownHook] com.zaxxer.hikari.HikariDataSource:HikariPool-1 - Shutdown initiated...
2023-03-09 15:15:55,846 INFO  [SpringApplicationShutdownHook] com.zaxxer.hikari.HikariDataSource:HikariPool-1 - Shutdown completed.
2023-03-09 15:22:24,929 INFO  [restartedMain] com.lib.LibraryAppApplication:Starting LibraryAppApplication using Java 18.0.2 on DESKTOP-Q0MDKP6 with PID 11100 (D:\JavaProjects\LibraryAppDev1\target\classes started by Nitro in D:\JavaProjects\LibraryAppDev1)
2023-03-09 15:22:24,931 INFO  [restartedMain] com.lib.LibraryAppApplication:No active profile set, falling back to 1 default profile: "default"
2023-03-09 15:22:24,980 INFO  [restartedMain] org.springframework.boot.devtools.env.DevToolsPropertyDefaultsPostProcessor:Devtools property defaults active! Set 'spring.devtools.add-properties' to 'false' to disable
2023-03-09 15:22:24,980 INFO  [restartedMain] org.springframework.boot.devtools.env.DevToolsPropertyDefaultsPostProcessor:For additional web related logging consider setting the 'logging.level.web' property to 'DEBUG'
2023-03-09 15:22:25,744 INFO  [restartedMain] org.springframework.data.repository.config.RepositoryConfigurationDelegate:Bootstrapping Spring Data JPA repositories in DEFAULT mode.
2023-03-09 15:22:25,792 INFO  [restartedMain] org.springframework.data.repository.config.RepositoryConfigurationDelegate:Finished Spring Data repository scanning in 41 ms. Found 2 JPA repository interfaces.
2023-03-09 15:22:26,293 INFO  [restartedMain] org.springframework.boot.web.embedded.tomcat.TomcatWebServer:Tomcat initialized with port(s): 8080 (http)
2023-03-09 15:22:26,302 INFO  [restartedMain] org.apache.catalina.core.StandardService:Starting service [Tomcat]
2023-03-09 15:22:26,302 INFO  [restartedMain] org.apache.catalina.core.StandardEngine:Starting Servlet engine: [Apache Tomcat/9.0.71]
2023-03-09 15:22:26,381 INFO  [restartedMain] org.apache.catalina.core.ContainerBase.[Tomcat].[localhost].[/]:Initializing Spring embedded WebApplicationContext
2023-03-09 15:22:26,381 INFO  [restartedMain] org.springframework.boot.web.servlet.context.ServletWebServerApplicationContext:Root WebApplicationContext: initialization completed in 1401 ms
2023-03-09 15:22:26,607 INFO  [restartedMain] org.hibernate.jpa.internal.util.LogHelper:HHH000204: Processing PersistenceUnitInfo [name: default]
2023-03-09 15:22:26,650 INFO  [restartedMain] org.hibernate.Version:HHH000412: Hibernate ORM core version 5.6.14.Final
2023-03-09 15:22:26,804 INFO  [restartedMain] org.hibernate.annotations.common.Version:HCANN000001: Hibernate Commons Annotations {5.1.2.Final}
2023-03-09 15:22:26,892 INFO  [restartedMain] com.zaxxer.hikari.HikariDataSource:HikariPool-1 - Starting...
2023-03-09 15:22:27,043 INFO  [restartedMain] com.zaxxer.hikari.HikariDataSource:HikariPool-1 - Start completed.
2023-03-09 15:22:27,059 INFO  [restartedMain] org.hibernate.dialect.Dialect:HHH000400: Using dialect: org.hibernate.dialect.PostgreSQLDialect
2023-03-09 15:22:27,990 INFO  [restartedMain] org.hibernate.engine.transaction.jta.platform.internal.JtaPlatformInitiator:HHH000490: Using JtaPlatform implementation: [org.hibernate.engine.transaction.jta.platform.internal.NoJtaPlatform]
2023-03-09 15:22:27,998 INFO  [restartedMain] org.springframework.orm.jpa.LocalContainerEntityManagerFactoryBean:Initialized JPA EntityManagerFactory for persistence unit 'default'
2023-03-09 15:22:28,285 WARN  [restartedMain] org.springframework.boot.autoconfigure.orm.jpa.JpaBaseConfiguration$JpaWebConfiguration:spring.jpa.open-in-view is enabled by default. Therefore, database queries may be performed during view rendering. Explicitly configure spring.jpa.open-in-view to disable this warning
2023-03-09 15:22:28,730 INFO  [restartedMain] org.springframework.boot.devtools.autoconfigure.OptionalLiveReloadServer:LiveReload server is running on port 35729
2023-03-09 15:22:28,736 INFO  [restartedMain] org.springframework.boot.actuate.endpoint.web.EndpointLinksResolver:Exposing 15 endpoint(s) beneath base path '/actuator'
2023-03-09 15:22:28,782 INFO  [restartedMain] org.springframework.boot.web.embedded.tomcat.TomcatWebServer:Tomcat started on port(s): 8080 (http) with context path ''
2023-03-09 15:22:28,800 INFO  [restartedMain] com.lib.LibraryAppApplication:Started LibraryAppApplication in 4.346 seconds (JVM running for 5.468)
2023-03-09 15:22:29,106 INFO  [RMI TCP Connection(3)-192.168.1.116] org.apache.catalina.core.ContainerBase.[Tomcat].[localhost].[/]:Initializing Spring DispatcherServlet 'dispatcherServlet'
2023-03-09 15:23:27,130 ERROR [http-nio-8080-exec-2] com.lib.exception.LibraryExceptionHandling:Unable to locate Attribute  with the the given name [image] on this ManagedType [com.lib.domain.Author]; nested exception is java.lang.IllegalArgumentException: Unable to locate Attribute  with the the given name [image] on this ManagedType [com.lib.domain.Author]
2023-03-09 15:23:27,177 WARN  [http-nio-8080-exec-2] org.springframework.web.servlet.mvc.method.annotation.ExceptionHandlerExceptionResolver:Resolved [org.springframework.dao.InvalidDataAccessApiUsageException: Unable to locate Attribute  with the the given name [image] on this ManagedType [com.lib.domain.Author]; nested exception is java.lang.IllegalArgumentException: Unable to locate Attribute  with the the given name [image] on this ManagedType [com.lib.domain.Author]]
2023-03-09 15:24:03,831 INFO  [SpringApplicationShutdownHook] org.springframework.orm.jpa.LocalContainerEntityManagerFactoryBean:Closing JPA EntityManagerFactory for persistence unit 'default'
2023-03-09 15:24:03,835 INFO  [SpringApplicationShutdownHook] com.zaxxer.hikari.HikariDataSource:HikariPool-1 - Shutdown initiated...
2023-03-09 15:24:03,837 INFO  [SpringApplicationShutdownHook] com.zaxxer.hikari.HikariDataSource:HikariPool-1 - Shutdown completed.
2023-03-09 15:24:09,630 INFO  [restartedMain] com.lib.LibraryAppApplication:Starting LibraryAppApplication using Java 18.0.2 on DESKTOP-Q0MDKP6 with PID 3804 (D:\JavaProjects\LibraryAppDev1\target\classes started by Nitro in D:\JavaProjects\LibraryAppDev1)
2023-03-09 15:24:09,632 INFO  [restartedMain] com.lib.LibraryAppApplication:No active profile set, falling back to 1 default profile: "default"
2023-03-09 15:24:09,674 INFO  [restartedMain] org.springframework.boot.devtools.env.DevToolsPropertyDefaultsPostProcessor:Devtools property defaults active! Set 'spring.devtools.add-properties' to 'false' to disable
2023-03-09 15:24:09,675 INFO  [restartedMain] org.springframework.boot.devtools.env.DevToolsPropertyDefaultsPostProcessor:For additional web related logging consider setting the 'logging.level.web' property to 'DEBUG'
2023-03-09 15:24:10,460 INFO  [restartedMain] org.springframework.data.repository.config.RepositoryConfigurationDelegate:Bootstrapping Spring Data JPA repositories in DEFAULT mode.
2023-03-09 15:24:10,511 INFO  [restartedMain] org.springframework.data.repository.config.RepositoryConfigurationDelegate:Finished Spring Data repository scanning in 43 ms. Found 2 JPA repository interfaces.
2023-03-09 15:24:11,024 INFO  [restartedMain] org.springframework.boot.web.embedded.tomcat.TomcatWebServer:Tomcat initialized with port(s): 8080 (http)
2023-03-09 15:24:11,032 INFO  [restartedMain] org.apache.catalina.core.StandardService:Starting service [Tomcat]
2023-03-09 15:24:11,033 INFO  [restartedMain] org.apache.catalina.core.StandardEngine:Starting Servlet engine: [Apache Tomcat/9.0.71]
2023-03-09 15:24:11,114 INFO  [restartedMain] org.apache.catalina.core.ContainerBase.[Tomcat].[localhost].[/]:Initializing Spring embedded WebApplicationContext
2023-03-09 15:24:11,115 INFO  [restartedMain] org.springframework.boot.web.servlet.context.ServletWebServerApplicationContext:Root WebApplicationContext: initialization completed in 1440 ms
2023-03-09 15:24:11,343 INFO  [restartedMain] org.hibernate.jpa.internal.util.LogHelper:HHH000204: Processing PersistenceUnitInfo [name: default]
2023-03-09 15:24:11,387 INFO  [restartedMain] org.hibernate.Version:HHH000412: Hibernate ORM core version 5.6.14.Final
2023-03-09 15:24:11,545 INFO  [restartedMain] org.hibernate.annotations.common.Version:HCANN000001: Hibernate Commons Annotations {5.1.2.Final}
2023-03-09 15:24:11,637 INFO  [restartedMain] com.zaxxer.hikari.HikariDataSource:HikariPool-1 - Starting...
2023-03-09 15:24:11,900 INFO  [restartedMain] com.zaxxer.hikari.HikariDataSource:HikariPool-1 - Start completed.
2023-03-09 15:24:11,917 INFO  [restartedMain] org.hibernate.dialect.Dialect:HHH000400: Using dialect: org.hibernate.dialect.PostgreSQLDialect
2023-03-09 15:24:12,833 INFO  [restartedMain] org.hibernate.engine.transaction.jta.platform.internal.JtaPlatformInitiator:HHH000490: Using JtaPlatform implementation: [org.hibernate.engine.transaction.jta.platform.internal.NoJtaPlatform]
2023-03-09 15:24:12,845 INFO  [restartedMain] org.springframework.orm.jpa.LocalContainerEntityManagerFactoryBean:Initialized JPA EntityManagerFactory for persistence unit 'default'
2023-03-09 15:24:13,131 WARN  [restartedMain] org.springframework.boot.autoconfigure.orm.jpa.JpaBaseConfiguration$JpaWebConfiguration:spring.jpa.open-in-view is enabled by default. Therefore, database queries may be performed during view rendering. Explicitly configure spring.jpa.open-in-view to disable this warning
2023-03-09 15:24:13,567 INFO  [restartedMain] org.springframework.boot.devtools.autoconfigure.OptionalLiveReloadServer:LiveReload server is running on port 35729
2023-03-09 15:24:13,574 INFO  [restartedMain] org.springframework.boot.actuate.endpoint.web.EndpointLinksResolver:Exposing 15 endpoint(s) beneath base path '/actuator'
2023-03-09 15:24:13,620 INFO  [restartedMain] org.springframework.boot.web.embedded.tomcat.TomcatWebServer:Tomcat started on port(s): 8080 (http) with context path ''
2023-03-09 15:24:13,637 INFO  [restartedMain] com.lib.LibraryAppApplication:Started LibraryAppApplication in 4.408 seconds (JVM running for 5.074)
2023-03-09 15:24:14,058 INFO  [RMI TCP Connection(1)-192.168.1.116] org.apache.catalina.core.ContainerBase.[Tomcat].[localhost].[/]:Initializing Spring DispatcherServlet 'dispatcherServlet'
2023-03-09 15:25:00,603 INFO  [SpringApplicationShutdownHook] org.springframework.orm.jpa.LocalContainerEntityManagerFactoryBean:Closing JPA EntityManagerFactory for persistence unit 'default'
2023-03-09 15:25:00,607 INFO  [SpringApplicationShutdownHook] com.zaxxer.hikari.HikariDataSource:HikariPool-1 - Shutdown initiated...
2023-03-09 15:25:00,609 INFO  [SpringApplicationShutdownHook] com.zaxxer.hikari.HikariDataSource:HikariPool-1 - Shutdown completed.
